<?xml version="1.0" encoding="UTF-8"?>
<!-- Generated by org.testng.reporters.JUnitReportReporter -->
<testsuite hostname="QT-INBG-LT1897" failures="0" tests="2" name="Naveen.QTautomation.Assertions" time="0.110" errors="0" timestamp="2022-07-28T22:11:12 IST" skipped="0">
  <testcase classname="Naveen.QTautomation.Assertions" name="HardAssertion1" time="0.109"/>
  <system-out/>
  <testcase classname="Naveen.QTautomation.Assertions" name="SoftAssertion1" time="0.001"/>
  <system-out/>
</testsuite> <!-- Naveen.QTautomation.Assertions -->
