<?xml version="1.0" encoding="UTF-8"?>
<!-- Generated by org.testng.reporters.JUnitReportReporter -->
<testsuite hostname="QT-INBG-LT1897" failures="0" tests="1" name="Naveen.QTautomation.SoftAssertion" time="0.020" errors="0" timestamp="2022-07-28T22:14:54 IST" skipped="0">
  <testcase classname="Naveen.QTautomation.SoftAssertion" name="softAssertion" time="0.020"/>
  <system-out/>
</testsuite> <!-- Naveen.QTautomation.SoftAssertion -->
