<?xml version="1.0" encoding="UTF-8"?>
<!-- Generated by org.testng.reporters.JUnitReportReporter -->
<testsuite hostname="QT-INBG-LT1897" failures="0" tests="2" name="Naveen.QTautomation.TestNG" time="0.017" errors="0" timestamp="2022-07-28T11:08:52 IST" skipped="0">
  <testcase classname="Naveen.QTautomation.TestNG" name="Division" time="0.011"/>
  <system-out/>
  <testcase classname="Naveen.QTautomation.TestNG" name="multiplication" time="0.006"/>
  <system-out/>
</testsuite> <!-- Naveen.QTautomation.TestNG -->
