<?xml version="1.0" encoding="UTF-8"?>
<!-- Generated by org.testng.reporters.JUnitReportReporter -->
<testsuite hostname="QT-INBG-LT1897" failures="0" tests="2" name="Naveen.QTautomation.TestNGImplementation" time="0.014" errors="0" timestamp="2022-07-28T20:47:46 IST" skipped="0">
  <testcase classname="Naveen.QTautomation.TestNGImplementation" name="calc" time="0.012"/>
  <system-out/>
  <testcase classname="Naveen.QTautomation.TestNGImplementation" name="multiplication" time="0.002"/>
  <system-out/>
</testsuite> <!-- Naveen.QTautomation.TestNGImplementation -->
