<?xml version="1.0" encoding="UTF-8"?>
<!-- Generated by org.testng.reporters.JUnitReportReporter -->
<testsuite hostname="QT-INBG-LT1897" failures="0" tests="4" name="Naveen.QTautomation.Parametrization" time="0.020" errors="0" timestamp="2022-07-28T21:09:33 IST" skipped="0">
  <testcase classname="Naveen.QTautomation.Parametrization" name="Implementation" time="0.017"/>
  <system-out/>
  <testcase classname="Naveen.QTautomation.Parametrization" name="ImplementationD" time="0.001"/>
  <system-out/>
  <testcase classname="Naveen.QTautomation.Parametrization" name="orientation" time="0.001"/>
  <system-out/>
  <testcase classname="Naveen.QTautomation.Parametrization" name="result" time="0.001"/>
  <system-out/>
</testsuite> <!-- Naveen.QTautomation.Parametrization -->
